Buildfile: C:\connector-eclipse\tools\sdk-4.8\eclipse\plugins\org.eclipse.pde.build_3.10.0.v20180512-1217\scripts\build.xml

main:

preBuild:
     [echo] Build directory is set to C:\connector-eclipse\com.atlassian.connector.eclipse.releng/build/4.8

preSetup:
     [echo] Calling getMapFile in custom targets (C:\connector-eclipse\com.atlassian.connector.eclipse.releng\config/customTargets.xml / C:\connector-eclipse\com.atlassian.connector.eclipse.releng/build/4.8)
     [echo] Build directory is set to C:\connector-eclipse\com.atlassian.connector.eclipse.releng/build/4.8

checkLocalMaps:

getMapFiles:
     [echo] Replace slash by antislash in C:\connector-eclipse\com.atlassian.connector.eclipse.releng/build/4.8/directory.txt
  [replace] Replaced 216 occurrences in 1 files.
     [echo] Build directory is set to C:\connector-eclipse\com.atlassian.connector.eclipse.releng/build/4.8

postSetup:
     [echo] Build directory is set to C:\connector-eclipse\com.atlassian.connector.eclipse.releng/build/4.8

checkLocalBase:

getBaseComponents:

processRepos:

fetch:
     [echo] Build directory is set to C:\connector-eclipse\com.atlassian.connector.eclipse.releng/build/4.8

preFetch:
     [echo] Build directory is set to C:\connector-eclipse\com.atlassian.connector.eclipse.releng/build/4.8

allElements:
     [echo] Build directory is set to C:\connector-eclipse\com.atlassian.connector.eclipse.releng/build/4.8

allElementsDelegator:

init:

fetchElement:
     [echo] *, *, *
     [echo] 
     [echo] 		elements="feature@com.atlassian.connector.eclipse.dependencies"
     [echo] 		buildDirectory="C:\connector-eclipse\com.atlassian.connector.eclipse.releng/build/4.8"
     [echo] 		directory="C:\connector-eclipse\com.atlassian.connector.eclipse.releng/build/4.8/directory.txt"
     [echo] 		fetchTag=""
     [echo] 		configInfo="*, *, *"
     [echo] 		baseLocation="C:\connector-eclipse\com.atlassian.connector.eclipse.releng/../tools/sdk-4.8/eclipse"
     [echo] 		pluginPath=";"		
     [echo] 	

main:
!SESSION 2018-08-15 09:17:59.089 -----------------------------------------------
eclipse.buildId=4.8.0.I20180611-0500
java.version=1.8.0_181
java.vendor=Oracle Corporation
BootLoader constants: OS=win32, ARCH=x86_64, WS=win32, NL=fr_FR
Framework arguments:  -application org.eclipse.ant.core.antRunner -buildfile C:\connector-eclipse\tools\sdk-4.8\eclipse\plugins\org.eclipse.pde.build_3.10.0.v20180512-1217\scripts\build.xml -DbaseLocation=C:\connector-eclipse\com.atlassian.connector.eclipse.releng/../tools/sdk-4.8/eclipse -Dbuilder=C:\connector-eclipse\com.atlassian.connector.eclipse.releng\config -DbuildDirectory=C:\connector-eclipse\com.atlassian.connector.eclipse.releng/build/4.8 -DbuildLabel=dist -DforceContextQualifier=I20180813-0600 -DmajorVersion=4.0.0 -Dbuild.target=4.8 -Dbuild.publish.name=Atlassian Connector Nightly for Eclipse -DskipBuildWithClover=true -Dclover.license.path=${clover.license.path} -DnoSkipFetch=true -Dnoextrabuildargs=true
Command-line arguments:  -consolelog -data C:\connector-eclipse\com.atlassian.connector.eclipse.releng/build/workspace -clean -application org.eclipse.ant.core.antRunner -buildfile C:\connector-eclipse\tools\sdk-4.8\eclipse\plugins\org.eclipse.pde.build_3.10.0.v20180512-1217\scripts\build.xml -DbaseLocation=C:\connector-eclipse\com.atlassian.connector.eclipse.releng/../tools/sdk-4.8/eclipse -Dbuilder=C:\connector-eclipse\com.atlassian.connector.eclipse.releng\config -DbuildDirectory=C:\connector-eclipse\com.atlassian.connector.eclipse.releng/build/4.8 -DbuildLabel=dist -DforceContextQualifier=I20180813-0600 -DmajorVersion=4.0.0 -Dbuild.target=4.8 -Dbuild.publish.name=Atlassian Connector Nightly for Eclipse -DskipBuildWithClover=true -Dclover.license.path=${clover.license.path} -DnoSkipFetch=true -Dnoextrabuildargs=true

!ENTRY org.eclipse.osgi 4 0 2018-08-15 09:18:03.873
!MESSAGE Application error
!STACK 1
java.lang.reflect.InvocationTargetException
	at sun.reflect.NativeMethodAccessorImpl.invoke0(Native Method)
	at sun.reflect.NativeMethodAccessorImpl.invoke(NativeMethodAccessorImpl.java:62)
	at sun.reflect.DelegatingMethodAccessorImpl.invoke(DelegatingMethodAccessorImpl.java:43)
	at java.lang.reflect.Method.invoke(Method.java:498)
	at org.eclipse.ant.core.AntRunner.run(AntRunner.java:511)
	at org.eclipse.ant.core.AntRunner.start(AntRunner.java:608)
	at org.eclipse.equinox.internal.app.EclipseAppHandle.run(EclipseAppHandle.java:196)
	at org.eclipse.core.runtime.internal.adaptor.EclipseAppLauncher.runApplication(EclipseAppLauncher.java:134)
	at org.eclipse.core.runtime.internal.adaptor.EclipseAppLauncher.start(EclipseAppLauncher.java:104)
	at org.eclipse.core.runtime.adaptor.EclipseStarter.run(EclipseStarter.java:388)
	at org.eclipse.core.runtime.adaptor.EclipseStarter.run(EclipseStarter.java:243)
	at sun.reflect.NativeMethodAccessorImpl.invoke0(Native Method)
	at sun.reflect.NativeMethodAccessorImpl.invoke(NativeMethodAccessorImpl.java:62)
	at sun.reflect.DelegatingMethodAccessorImpl.invoke(DelegatingMethodAccessorImpl.java:43)
	at java.lang.reflect.Method.invoke(Method.java:498)
	at org.eclipse.equinox.launcher.Main.invokeFramework(Main.java:656)
	at org.eclipse.equinox.launcher.Main.basicRun(Main.java:592)
	at org.eclipse.equinox.launcher.Main.run(Main.java:1498)
	at org.eclipse.equinox.launcher.Main.main(Main.java:1471)
	at org.eclipse.core.launcher.Main.main(Main.java:34)
Caused by: C:\connector-eclipse\tools\sdk-4.8\eclipse\plugins\org.eclipse.pde.build_3.10.0.v20180512-1217\scripts\build.xml:34: The following error occurred while executing this line:
C:\connector-eclipse\tools\sdk-4.8\eclipse\plugins\org.eclipse.pde.build_3.10.0.v20180512-1217\scripts\build.xml:84: The following error occurred while executing this line:
C:\connector-eclipse\com.atlassian.connector.eclipse.releng\config\customTargets.xml:14: The following error occurred while executing this line:
C:\connector-eclipse\com.atlassian.connector.eclipse.releng\config\allElements.xml:12: The following error occurred while executing this line:
C:\connector-eclipse\tools\sdk-4.8\eclipse\plugins\org.eclipse.pde.build_3.10.0.v20180512-1217\scripts\genericTargets.xml:65: Could not retrieve feature.xml or build.properties for feature com.atlassian.connector.eclipse.dependencies.
	at org.apache.tools.ant.ProjectHelper.addLocationToBuildException(ProjectHelper.java:581)
	at org.apache.tools.ant.taskdefs.Ant.execute(Ant.java:449)
	at org.apache.tools.ant.taskdefs.CallTarget.execute(CallTarget.java:105)
	at org.apache.tools.ant.UnknownElement.execute(UnknownElement.java:292)
	at sun.reflect.GeneratedMethodAccessor5.invoke(Unknown Source)
	at sun.reflect.DelegatingMethodAccessorImpl.invoke(DelegatingMethodAccessorImpl.java:43)
	at java.lang.reflect.Method.invoke(Method.java:498)
	at org.apache.tools.ant.dispatch.DispatchUtils.execute(DispatchUtils.java:106)
	at org.apache.tools.ant.Task.perform(Task.java:350)
	at org.apache.tools.ant.Target.execute(Target.java:448)
	at org.apache.tools.ant.Target.performTasks(Target.java:469)
	at org.apache.tools.ant.Project.executeSortedTargets(Project.java:1399)
	at org.apache.tools.ant.Project.executeTarget(Project.java:1370)
	at org.apache.tools.ant.helper.DefaultExecutor.executeTargets(DefaultExecutor.java:41)
	at org.eclipse.ant.internal.core.ant.EclipseDefaultExecutor.executeTargets(EclipseDefaultExecutor.java:36)
	at org.apache.tools.ant.Project.executeTargets(Project.java:1260)
	at org.eclipse.ant.internal.core.ant.InternalAntRunner.run(InternalAntRunner.java:712)
	at org.eclipse.ant.internal.core.ant.InternalAntRunner.run(InternalAntRunner.java:573)
	... 20 more
Caused by: C:\connector-eclipse\tools\sdk-4.8\eclipse\plugins\org.eclipse.pde.build_3.10.0.v20180512-1217\scripts\build.xml:84: The following error occurred while executing this line:
C:\connector-eclipse\com.atlassian.connector.eclipse.releng\config\customTargets.xml:14: The following error occurred while executing this line:
C:\connector-eclipse\com.atlassian.connector.eclipse.releng\config\allElements.xml:12: The following error occurred while executing this line:
C:\connector-eclipse\tools\sdk-4.8\eclipse\plugins\org.eclipse.pde.build_3.10.0.v20180512-1217\scripts\genericTargets.xml:65: Could not retrieve feature.xml or build.properties for feature com.atlassian.connector.eclipse.dependencies.
	at org.apache.tools.ant.ProjectHelper.addLocationToBuildException(ProjectHelper.java:581)
	at org.apache.tools.ant.taskdefs.Ant.execute(Ant.java:449)
	at org.apache.tools.ant.UnknownElement.execute(UnknownElement.java:292)
	at sun.reflect.GeneratedMethodAccessor5.invoke(Unknown Source)
	at sun.reflect.DelegatingMethodAccessorImpl.invoke(DelegatingMethodAccessorImpl.java:43)
	at java.lang.reflect.Method.invoke(Method.java:498)
	at org.apache.tools.ant.dispatch.DispatchUtils.execute(DispatchUtils.java:106)
	at org.apache.tools.ant.Task.perform(Task.java:350)
	at org.apache.tools.ant.Target.execute(Target.java:448)
	at org.apache.tools.ant.Target.performTasks(Target.java:469)
	at org.apache.tools.ant.Project.executeSortedTargets(Project.java:1399)
	at org.apache.tools.ant.helper.SingleCheckExecutor.executeTargets(SingleCheckExecutor.java:36)
	at org.eclipse.ant.internal.core.ant.EclipseSingleCheckExecutor.executeTargets(EclipseSingleCheckExecutor.java:34)
	at org.apache.tools.ant.Project.executeTargets(Project.java:1260)
	at org.apache.tools.ant.taskdefs.Ant.execute(Ant.java:446)
	... 36 more
Caused by: C:\connector-eclipse\com.atlassian.connector.eclipse.releng\config\customTargets.xml:14: The following error occurred while executing this line:
C:\connector-eclipse\com.atlassian.connector.eclipse.releng\config\allElements.xml:12: The following error occurred while executing this line:
C:\connector-eclipse\tools\sdk-4.8\eclipse\plugins\org.eclipse.pde.build_3.10.0.v20180512-1217\scripts\genericTargets.xml:65: Could not retrieve feature.xml or build.properties for feature com.atlassian.connector.eclipse.dependencies.
	at org.apache.tools.ant.ProjectHelper.addLocationToBuildException(ProjectHelper.java:581)
	at org.apache.tools.ant.taskdefs.Ant.execute(Ant.java:449)
	at org.apache.tools.ant.taskdefs.CallTarget.execute(CallTarget.java:105)
	at org.apache.tools.ant.UnknownElement.execute(UnknownElement.java:292)
	at sun.reflect.GeneratedMethodAccessor5.invoke(Unknown Source)
	at sun.reflect.DelegatingMethodAccessorImpl.invoke(DelegatingMethodAccessorImpl.java:43)
	at java.lang.reflect.Method.invoke(Method.java:498)
	at org.apache.tools.ant.dispatch.DispatchUtils.execute(DispatchUtils.java:106)
	at org.apache.tools.ant.Task.perform(Task.java:350)
	at org.apache.tools.ant.Target.execute(Target.java:448)
	at org.apache.tools.ant.Target.performTasks(Target.java:469)
	at org.apache.tools.ant.Project.executeSortedTargets(Project.java:1399)
	at org.apache.tools.ant.helper.SingleCheckExecutor.executeTargets(SingleCheckExecutor.java:36)
	at org.eclipse.ant.internal.core.ant.EclipseSingleCheckExecutor.executeTargets(EclipseSingleCheckExecutor.java:34)
	at org.apache.tools.ant.Project.executeTargets(Project.java:1260)
	at org.apache.tools.ant.taskdefs.Ant.execute(Ant.java:446)
	... 49 more
Caused by: C:\connector-eclipse\com.atlassian.connector.eclipse.releng\config\allElements.xml:12: The following error occurred while executing this line:
C:\connector-eclipse\tools\sdk-4.8\eclipse\plugins\org.eclipse.pde.build_3.10.0.v20180512-1217\scripts\genericTargets.xml:65: Could not retrieve feature.xml or build.properties for feature com.atlassian.connector.eclipse.dependencies.
	at org.apache.tools.ant.ProjectHelper.addLocationToBuildException(ProjectHelper.java:581)
	at org.apache.tools.ant.taskdefs.Ant.execute(Ant.java:449)
	at org.apache.tools.ant.UnknownElement.execute(UnknownElement.java:292)
	at sun.reflect.GeneratedMethodAccessor5.invoke(Unknown Source)
	at sun.reflect.DelegatingMethodAccessorImpl.invoke(DelegatingMethodAccessorImpl.java:43)
	at java.lang.reflect.Method.invoke(Method.java:498)
	at org.apache.tools.ant.dispatch.DispatchUtils.execute(DispatchUtils.java:106)
	at org.apache.tools.ant.Task.perform(Task.java:350)
	at org.apache.tools.ant.Target.execute(Target.java:448)
	at org.apache.tools.ant.Target.performTasks(Target.java:469)
	at org.apache.tools.ant.Project.executeSortedTargets(Project.java:1399)
	at org.apache.tools.ant.helper.SingleCheckExecutor.executeTargets(SingleCheckExecutor.java:36)
	at org.eclipse.ant.internal.core.ant.EclipseSingleCheckExecutor.executeTargets(EclipseSingleCheckExecutor.java:34)
	at org.apache.tools.ant.Project.executeTargets(Project.java:1260)
	at org.apache.tools.ant.taskdefs.Ant.execute(Ant.java:446)
	... 63 more
Caused by: C:\connector-eclipse\tools\sdk-4.8\eclipse\plugins\org.eclipse.pde.build_3.10.0.v20180512-1217\scripts\genericTargets.xml:65: Could not retrieve feature.xml or build.properties for feature com.atlassian.connector.eclipse.dependencies.
	at org.eclipse.pde.internal.build.tasks.FetchTask.execute(FetchTask.java:112)
	at org.apache.tools.ant.UnknownElement.execute(UnknownElement.java:292)
	at sun.reflect.GeneratedMethodAccessor5.invoke(Unknown Source)
	at sun.reflect.DelegatingMethodAccessorImpl.invoke(DelegatingMethodAccessorImpl.java:43)
	at java.lang.reflect.Method.invoke(Method.java:498)
	at org.apache.tools.ant.dispatch.DispatchUtils.execute(DispatchUtils.java:106)
	at org.apache.tools.ant.Task.perform(Task.java:350)
	at org.apache.tools.ant.Target.execute(Target.java:448)
	at org.apache.tools.ant.Target.performTasks(Target.java:469)
	at org.apache.tools.ant.Project.executeSortedTargets(Project.java:1399)
	at org.apache.tools.ant.helper.SingleCheckExecutor.executeTargets(SingleCheckExecutor.java:36)
	at org.eclipse.ant.internal.core.ant.EclipseSingleCheckExecutor.executeTargets(EclipseSingleCheckExecutor.java:34)
	at org.apache.tools.ant.Project.executeTargets(Project.java:1260)
	at org.apache.tools.ant.taskdefs.Ant.execute(Ant.java:446)
	... 76 more
Root exception:
C:\connector-eclipse\tools\sdk-4.8\eclipse\plugins\org.eclipse.pde.build_3.10.0.v20180512-1217\scripts\build.xml:34: The following error occurred while executing this line:
C:\connector-eclipse\tools\sdk-4.8\eclipse\plugins\org.eclipse.pde.build_3.10.0.v20180512-1217\scripts\build.xml:84: The following error occurred while executing this line:
C:\connector-eclipse\com.atlassian.connector.eclipse.releng\config\customTargets.xml:14: The following error occurred while executing this line:
C:\connector-eclipse\com.atlassian.connector.eclipse.releng\config\allElements.xml:12: The following error occurred while executing this line:
C:\connector-eclipse\tools\sdk-4.8\eclipse\plugins\org.eclipse.pde.build_3.10.0.v20180512-1217\scripts\genericTargets.xml:65: Could not retrieve feature.xml or build.properties for feature com.atlassian.connector.eclipse.dependencies.
	at org.apache.tools.ant.ProjectHelper.addLocationToBuildException(ProjectHelper.java:581)
	at org.apache.tools.ant.taskdefs.Ant.execute(Ant.java:449)
	at org.apache.tools.ant.taskdefs.CallTarget.execute(CallTarget.java:105)
	at org.apache.tools.ant.UnknownElement.execute(UnknownElement.java:292)
	at sun.reflect.GeneratedMethodAccessor5.invoke(Unknown Source)
	at sun.reflect.DelegatingMethodAccessorImpl.invoke(DelegatingMethodAccessorImpl.java:43)
	at java.lang.reflect.Method.invoke(Method.java:498)
	at org.apache.tools.ant.dispatch.DispatchUtils.execute(DispatchUtils.java:106)
	at org.apache.tools.ant.Task.perform(Task.java:350)
	at org.apache.tools.ant.Target.execute(Target.java:448)
	at org.apache.tools.ant.Target.performTasks(Target.java:469)
	at org.apache.tools.ant.Project.executeSortedTargets(Project.java:1399)
	at org.apache.tools.ant.Project.executeTarget(Project.java:1370)
	at org.apache.tools.ant.helper.DefaultExecutor.executeTargets(DefaultExecutor.java:41)
	at org.eclipse.ant.internal.core.ant.EclipseDefaultExecutor.executeTargets(EclipseDefaultExecutor.java:36)
	at org.apache.tools.ant.Project.executeTargets(Project.java:1260)
	at org.eclipse.ant.internal.core.ant.InternalAntRunner.run(InternalAntRunner.java:712)
	at org.eclipse.ant.internal.core.ant.InternalAntRunner.run(InternalAntRunner.java:573)
	at sun.reflect.NativeMethodAccessorImpl.invoke0(Native Method)
	at sun.reflect.NativeMethodAccessorImpl.invoke(NativeMethodAccessorImpl.java:62)
	at sun.reflect.DelegatingMethodAccessorImpl.invoke(DelegatingMethodAccessorImpl.java:43)
	at java.lang.reflect.Method.invoke(Method.java:498)
	at org.eclipse.ant.core.AntRunner.run(AntRunner.java:511)
	at org.eclipse.ant.core.AntRunner.start(AntRunner.java:608)
	at org.eclipse.equinox.internal.app.EclipseAppHandle.run(EclipseAppHandle.java:196)
	at org.eclipse.core.runtime.internal.adaptor.EclipseAppLauncher.runApplication(EclipseAppLauncher.java:134)
	at org.eclipse.core.runtime.internal.adaptor.EclipseAppLauncher.start(EclipseAppLauncher.java:104)
	at org.eclipse.core.runtime.adaptor.EclipseStarter.run(EclipseStarter.java:388)
	at org.eclipse.core.runtime.adaptor.EclipseStarter.run(EclipseStarter.java:243)
	at sun.reflect.NativeMethodAccessorImpl.invoke0(Native Method)
	at sun.reflect.NativeMethodAccessorImpl.invoke(NativeMethodAccessorImpl.java:62)
	at sun.reflect.DelegatingMethodAccessorImpl.invoke(DelegatingMethodAccessorImpl.java:43)
	at java.lang.reflect.Method.invoke(Method.java:498)
	at org.eclipse.equinox.launcher.Main.invokeFramework(Main.java:656)
	at org.eclipse.equinox.launcher.Main.basicRun(Main.java:592)
	at org.eclipse.equinox.launcher.Main.run(Main.java:1498)
	at org.eclipse.equinox.launcher.Main.main(Main.java:1471)
	at org.eclipse.core.launcher.Main.main(Main.java:34)
Caused by: C:\connector-eclipse\tools\sdk-4.8\eclipse\plugins\org.eclipse.pde.build_3.10.0.v20180512-1217\scripts\build.xml:84: The following error occurred while executing this line:
C:\connector-eclipse\com.atlassian.connector.eclipse.releng\config\customTargets.xml:14: The following error occurred while executing this line:
C:\connector-eclipse\com.atlassian.connector.eclipse.releng\config\allElements.xml:12: The following error occurred while executing this line:
C:\connector-eclipse\tools\sdk-4.8\eclipse\plugins\org.eclipse.pde.build_3.10.0.v20180512-1217\scripts\genericTargets.xml:65: Could not retrieve feature.xml or build.properties for feature com.atlassian.connector.eclipse.dependencies.
	at org.apache.tools.ant.ProjectHelper.addLocationToBuildException(ProjectHelper.java:581)
	at org.apache.tools.ant.taskdefs.Ant.execute(Ant.java:449)
	at org.apache.tools.ant.UnknownElement.execute(UnknownElement.java:292)
	at sun.reflect.GeneratedMethodAccessor5.invoke(Unknown Source)
	at sun.reflect.DelegatingMethodAccessorImpl.invoke(DelegatingMethodAccessorImpl.java:43)
	at java.lang.reflect.Method.invoke(Method.java:498)
	at org.apache.tools.ant.dispatch.DispatchUtils.execute(DispatchUtils.java:106)
	at org.apache.tools.ant.Task.perform(Task.java:350)
	at org.apache.tools.ant.Target.execute(Target.java:448)
	at org.apache.tools.ant.Target.performTasks(Target.java:469)
	at org.apache.tools.ant.Project.executeSortedTargets(Project.java:1399)
	at org.apache.tools.ant.helper.SingleCheckExecutor.executeTargets(SingleCheckExecutor.java:36)
	at org.eclipse.ant.internal.core.ant.EclipseSingleCheckExecutor.executeTargets(EclipseSingleCheckExecutor.java:34)
	at org.apache.tools.ant.Project.executeTargets(Project.java:1260)
	at org.apache.tools.ant.taskdefs.Ant.execute(Ant.java:446)
	... 36 more
Caused by: C:\connector-eclipse\com.atlassian.connector.eclipse.releng\config\customTargets.xml:14: The following error occurred while executing this line:
C:\connector-eclipse\com.atlassian.connector.eclipse.releng\config\allElements.xml:12: The following error occurred while executing this line:
C:\connector-eclipse\tools\sdk-4.8\eclipse\plugins\org.eclipse.pde.build_3.10.0.v20180512-1217\scripts\genericTargets.xml:65: Could not retrieve feature.xml or build.properties for feature com.atlassian.connector.eclipse.dependencies.
	at org.apache.tools.ant.ProjectHelper.addLocationToBuildException(ProjectHelper.java:581)
	at org.apache.tools.ant.taskdefs.Ant.execute(Ant.java:449)
	at org.apache.tools.ant.taskdefs.CallTarget.execute(CallTarget.java:105)
	at org.apache.tools.ant.UnknownElement.execute(UnknownElement.java:292)
	at sun.reflect.GeneratedMethodAccessor5.invoke(Unknown Source)
	at sun.reflect.DelegatingMethodAccessorImpl.invoke(DelegatingMethodAccessorImpl.java:43)
	at java.lang.reflect.Method.invoke(Method.java:498)
	at org.apache.tools.ant.dispatch.DispatchUtils.execute(DispatchUtils.java:106)
	at org.apache.tools.ant.Task.perform(Task.java:350)
	at org.apache.tools.ant.Target.execute(Target.java:448)
	at org.apache.tools.ant.Target.performTasks(Target.java:469)
	at org.apache.tools.ant.Project.executeSortedTargets(Project.java:1399)
	at org.apache.tools.ant.helper.SingleCheckExecutor.executeTargets(SingleCheckExecutor.java:36)
	at org.eclipse.ant.internal.core.ant.EclipseSingleCheckExecutor.executeTargets(EclipseSingleCheckExecutor.java:34)
	at org.apache.tools.ant.Project.executeTargets(Project.java:1260)
	at org.apache.tools.ant.taskdefs.Ant.execute(Ant.java:446)
	... 49 more
Caused by: C:\connector-eclipse\com.atlassian.connector.eclipse.releng\config\allElements.xml:12: The following error occurred while executing this line:
C:\connector-eclipse\tools\sdk-4.8\eclipse\plugins\org.eclipse.pde.build_3.10.0.v20180512-1217\scripts\genericTargets.xml:65: Could not retrieve feature.xml or build.properties for feature com.atlassian.connector.eclipse.dependencies.
	at org.apache.tools.ant.ProjectHelper.addLocationToBuildException(ProjectHelper.java:581)
	at org.apache.tools.ant.taskdefs.Ant.execute(Ant.java:449)
	at org.apache.tools.ant.UnknownElement.execute(UnknownElement.java:292)
	at sun.reflect.GeneratedMethodAccessor5.invoke(Unknown Source)
	at sun.reflect.DelegatingMethodAccessorImpl.invoke(DelegatingMethodAccessorImpl.java:43)
	at java.lang.reflect.Method.invoke(Method.java:498)
	at org.apache.tools.ant.dispatch.DispatchUtils.execute(DispatchUtils.java:106)
	at org.apache.tools.ant.Task.perform(Task.java:350)
	at org.apache.tools.ant.Target.execute(Target.java:448)
	at org.apache.tools.ant.Target.performTasks(Target.java:469)
	at org.apache.tools.ant.Project.executeSortedTargets(Project.java:1399)
	at org.apache.tools.ant.helper.SingleCheckExecutor.executeTargets(SingleCheckExecutor.java:36)
	at org.eclipse.ant.internal.core.ant.EclipseSingleCheckExecutor.executeTargets(EclipseSingleCheckExecutor.java:34)
	at org.apache.tools.ant.Project.executeTargets(Project.java:1260)
	at org.apache.tools.ant.taskdefs.Ant.execute(Ant.java:446)
	... 63 more
Caused by: C:\connector-eclipse\tools\sdk-4.8\eclipse\plugins\org.eclipse.pde.build_3.10.0.v20180512-1217\scripts\genericTargets.xml:65: Could not retrieve feature.xml or build.properties for feature com.atlassian.connector.eclipse.dependencies.
	at org.eclipse.pde.internal.build.tasks.FetchTask.execute(FetchTask.java:112)
	at org.apache.tools.ant.UnknownElement.execute(UnknownElement.java:292)
	at sun.reflect.GeneratedMethodAccessor5.invoke(Unknown Source)
	at sun.reflect.DelegatingMethodAccessorImpl.invoke(DelegatingMethodAccessorImpl.java:43)
	at java.lang.reflect.Method.invoke(Method.java:498)
	at org.apache.tools.ant.dispatch.DispatchUtils.execute(DispatchUtils.java:106)
	at org.apache.tools.ant.Task.perform(Task.java:350)
	at org.apache.tools.ant.Target.execute(Target.java:448)
	at org.apache.tools.ant.Target.performTasks(Target.java:469)
	at org.apache.tools.ant.Project.executeSortedTargets(Project.java:1399)
	at org.apache.tools.ant.helper.SingleCheckExecutor.executeTargets(SingleCheckExecutor.java:36)
	at org.eclipse.ant.internal.core.ant.EclipseSingleCheckExecutor.executeTargets(EclipseSingleCheckExecutor.java:34)
	at org.apache.tools.ant.Project.executeTargets(Project.java:1260)
	at org.apache.tools.ant.taskdefs.Ant.execute(Ant.java:446)
	... 76 more
An error has occurred. See the log file
C:\connector-eclipse\com.atlassian.connector.eclipse.releng\build\workspace\.metadata\.log.
